This is XeTeX, Version 3.14159265-2.6-0.99999 (TeX Live 2018) (preloaded format=xelatex 2018.11.22)  15 APR 2019 18:25
entering extended mode
 restricted \write18 enabled.
 %&-line parsing enabled.
**HW8-Midterm.tex
(./HW8-Midterm.tex
LaTeX2e <2018-04-01> patch level 5

(/usr/sepp1.5.1/drwho/pack-a/texlive-20181114-cr/texmf-dist/tex/latex/base/arti
cle.cls
Document Class: article 2014/09/29 v1.4h Standard LaTeX document class

(/usr/sepp1.5.1/drwho/pack-a/texlive-20181114-cr/texmf-dist/tex/latex/base/size
11.clo
File: size11.clo 2014/09/29 v1.4h Standard LaTeX file (size option)
)
\c@part=\count80
\c@section=\count81
\c@subsection=\count82
\c@subsubsection=\count83
\c@paragraph=\count84
\c@subparagraph=\count85
\c@figure=\count86
\c@table=\count87
\abovecaptionskip=\skip41
\belowcaptionskip=\skip42
\bibindent=\dimen102
)
(/usr/sepp1.5.1/drwho/pack-a/texlive-20181114-cr/texmf-dist/tex/generic/babel/b
abel.sty
Package: babel 2018/11/13 3.27 The Babel package

(/usr/sepp1.5.1/drwho/pack-a/texlive-20181114-cr/texmf-dist/tex/generic/babel/s
witch.def
File: switch.def 2018/11/13 3.27 Babel switching mechanism
)
(/usr/sepp1.5.1/drwho/pack-a/texlive-20181114-cr/texmf-dist/tex/generic/babel-e
nglish/english.ldf
Language: english 2017/06/06 v3.3r English support from the babel system

(/usr/sepp1.5.1/drwho/pack-a/texlive-20181114-cr/texmf-dist/tex/generic/babel/b
abel.def
File: babel.def 2018/11/13 3.27 Babel common definitions
\babel@savecnt=\count88
\U@D=\dimen103

(/usr/sepp1.5.1/drwho/pack-a/texlive-20181114-cr/texmf-dist/tex/generic/babel/x
ebabel.def
(/usr/sepp1.5.1/drwho/pack-a/texlive-20181114-cr/texmf-dist/tex/generic/babel/t
xtbabel.def))
\bbl@dirlevel=\count89
)
\l@canadian = a dialect from \language\l@american 
\l@australian = a dialect from \language\l@british 
\l@newzealand = a dialect from \language\l@british 
))
(/usr/sepp1.5.1/drwho/pack-a/texlive-20181114-cr/texmf-dist/tex/latex/base/exsc
ale.sty
Package: exscale 2014/09/29 v2.1h Standard LaTeX package exscale
LaTeX Font Info:    Redeclaring symbol font `largesymbols' on input line 57.
LaTeX Font Info:    Overwriting symbol font `largesymbols' in version `normal'
(Font)                  OMX/cmex/m/n --> OMX/cmex/m/n on input line 57.
LaTeX Font Info:    Overwriting symbol font `largesymbols' in version `bold'
(Font)                  OMX/cmex/m/n --> OMX/cmex/m/n on input line 57.
\big@size=\dimen104
)
(/usr/sepp1.5.1/drwho/pack-a/texlive-20181114-cr/texmf-dist/tex/latex/amsmath/a
msmath.sty
Package: amsmath 2017/09/02 v2.17a AMS math features
\@mathmargin=\skip43

For additional information on amsmath, use the `?' option.

(/usr/sepp1.5.1/drwho/pack-a/texlive-20181114-cr/texmf-dist/tex/latex/amsmath/a
mstext.sty
Package: amstext 2000/06/29 v2.01 AMS text

(/usr/sepp1.5.1/drwho/pack-a/texlive-20181114-cr/texmf-dist/tex/latex/amsmath/a
msgen.sty
File: amsgen.sty 1999/11/30 v2.0 generic functions
\@emptytoks=\toks14
\ex@=\dimen105
))
(/usr/sepp1.5.1/drwho/pack-a/texlive-20181114-cr/texmf-dist/tex/latex/amsmath/a
msbsy.sty
Package: amsbsy 1999/11/29 v1.2d Bold Symbols
\pmbraise@=\dimen106
)
(/usr/sepp1.5.1/drwho/pack-a/texlive-20181114-cr/texmf-dist/tex/latex/amsmath/a
msopn.sty
Package: amsopn 2016/03/08 v2.02 operator names
)
\inf@bad=\count90
LaTeX Info: Redefining \frac on input line 213.
\uproot@=\count91
\leftroot@=\count92
LaTeX Info: Redefining \overline on input line 375.
\classnum@=\count93
\DOTSCASE@=\count94
LaTeX Info: Redefining \ldots on input line 472.
LaTeX Info: Redefining \dots on input line 475.
LaTeX Info: Redefining \cdots on input line 596.
\Mathstrutbox@=\box26
\strutbox@=\box27
\big@size=\dimen107
LaTeX Font Info:    Redeclaring font encoding OML on input line 712.
LaTeX Font Info:    Redeclaring font encoding OMS on input line 713.
\macc@depth=\count95
\c@MaxMatrixCols=\count96
\dotsspace@=\muskip10
\c@parentequation=\count97
\dspbrk@lvl=\count98
\tag@help=\toks15
\row@=\count99
\column@=\count100
\maxfields@=\count101
\andhelp@=\toks16
\eqnshift@=\dimen108
\alignsep@=\dimen109
\tagshift@=\dimen110
\tagwidth@=\dimen111
\totwidth@=\dimen112
\lineht@=\dimen113
\@envbody=\toks17
\multlinegap=\skip44
\multlinetaggap=\skip45
\mathdisplay@stack=\toks18
LaTeX Info: Redefining \[ on input line 2817.
LaTeX Info: Redefining \] on input line 2818.
)
(/usr/sepp1.5.1/drwho/pack-a/texlive-20181114-cr/texmf-dist/tex/latex/amsfonts/
amsfonts.sty
Package: amsfonts 2013/01/14 v3.01 Basic AMSFonts support
\symAMSa=\mathgroup4
\symAMSb=\mathgroup5
LaTeX Font Info:    Overwriting math alphabet `\mathfrak' in version `bold'
(Font)                  U/euf/m/n --> U/euf/b/n on input line 106.
)
(/usr/sepp1.5.1/drwho/pack-a/texlive-20181114-cr/texmf-dist/tex/latex/amsfonts/
amssymb.sty
Package: amssymb 2013/01/14 v3.01 AMS font symbols
)
(/usr/sepp1.5.1/drwho/pack-a/texlive-20181114-cr/texmf-dist/tex/latex/ntheorem/
ntheorem.sty
Style `ntheorem', Version 1.33 <2011/08/15>
Package: ntheorem 2011/08/15 1.33

(/usr/sepp1.5.1/drwho/pack-a/texlive-20181114-cr/texmf-dist/tex/latex/base/ifth
en.sty
Package: ifthen 2014/09/29 v1.1c Standard LaTeX ifthen package (DPC)
)
\theorem@style=\toks19
\theorem@@style=\toks20
\theorembodyfont=\toks21
\theoremnumbering=\toks22
\theorempreskipamount=\skip46
\theorempostskipamount=\skip47
\theoremframepreskipamount=\skip48
\theoremframepostskipamount=\skip49
\theoreminframepreskipamount=\skip50
\theoreminframepostskipamount=\skip51
\theorem@preskip=\toks23
\theorem@postskip=\toks24
\theorem@framepreskip=\toks25
\theorem@framepostskip=\toks26
\theorem@inframepreskip=\toks27
\theorem@inframepostskip=\toks28
\theoremindent=\dimen114
\theorem@indent=\dimen115
\theoremrightindent=\dimen116
\theorem@rightindent=\dimen117
\theoremheaderfont=\toks29
\theoremseparator=\toks30
\theoremprework=\toks31
\theorempostwork=\toks32
\theoremsymbol=\toks33
\qedsymbol=\toks34
\theoremkeyword=\toks35
\qedsymbol=\toks36
\thm@topsep=\skip52
\thm@topsepadd=\skip53
Package ntheorem Info: Option `thmmarks' loaded on input line 1175.
\c@endNonectr=\count102
\c@currNonectr=\count103
\mysavskip=\skip54
Package ntheorem Info: Option `thref' loaded on input line 1175.
\mysavskip=\skip55
Package ntheorem Info: option `amsmath' handling for `thref' loaded on input li
ne 1175.
Package ntheorem Info: option `amsmath' handling for `thmmarks' loaded on input
 line 1175.
\thm@amstmpdepth=\dimen118
\tagwidth=\dimen119
Package ntheorem Info: Option `amsthm' loaded on input line 1175.
\c@proof=\count104
\c@currproofctr=\count105
\c@endproofctr=\count106
)
(/usr/sepp1.5.1/drwho/pack-a/texlive-20181114-cr/texmf-dist/tex/latex/a4wide/a4
wide.sty
Package: a4wide 1994/08/30

(/usr/sepp1.5.1/drwho/pack-a/texlive-20181114-cr/texmf-dist/tex/latex/ntgclass/
a4.sty
Package: a4 2004/04/15 v1.2g A4 based page layout
))
(/usr/sepp1.5.1/drwho/pack-a/texlive-20181114-cr/texmf-dist/tex/latex/eepic/epi
c.sty
Enhancements to Picture Environment. Version 1.2 - Released June 1, 1986
\@@multicnt=\count107
\d@lta=\count108
\@delta=\dimen120
\@@delta=\dimen121
\@gridcnt=\count109
\@joinkind=\count110
\@dotgap=\dimen122
\@ddotgap=\dimen123
\@x@diff=\count111
\@y@diff=\count112
\x@diff=\dimen124
\y@diff=\dimen125
\@dotbox=\box28
\num@segments=\count113
\num@segmentsi=\count114
\@datafile=\read1
)
(/usr/sepp1.5.1/drwho/pack-a/texlive-20181114-cr/texmf-dist/tex/latex/eepic/eep
ic.sty
Extension to Epic and LaTeX. Version 1.1e - Released Dec 21, 1999
\@gphlinewidth=\count115
\@eepictcnt=\count116
\@tempdimc=\dimen126
\maxovaldiam=\dimen127
\@filltype=\box29
)
(/usr/sepp1.5.1/drwho/pack-a/texlive-20181114-cr/texmf-dist/tex/latex/graphics/
graphicx.sty
Package: graphicx 2017/06/01 v1.1a Enhanced LaTeX Graphics (DPC,SPQR)

(/usr/sepp1.5.1/drwho/pack-a/texlive-20181114-cr/texmf-dist/tex/latex/graphics/
keyval.sty
Package: keyval 2014/10/28 v1.15 key=value parser (DPC)
\KV@toks@=\toks37
)
(/usr/sepp1.5.1/drwho/pack-a/texlive-20181114-cr/texmf-dist/tex/latex/graphics/
graphics.sty
Package: graphics 2017/06/25 v1.2c Standard LaTeX Graphics (DPC,SPQR)

(/usr/sepp1.5.1/drwho/pack-a/texlive-20181114-cr/texmf-dist/tex/latex/graphics/
trig.sty
Package: trig 2016/01/03 v1.10 sin cos tan (DPC)
)
(/usr/sepp1.5.1/drwho/pack-a/texlive-20181114-cr/texmf-dist/tex/latex/graphics-
cfg/graphics.cfg
File: graphics.cfg 2016/06/04 v1.11 sample graphics configuration
)
Package graphics Info: Driver file: xetex.def on input line 99.

(/usr/sepp1.5.1/drwho/pack-a/texlive-20181114-cr/texmf-dist/tex/latex/graphics-
def/xetex.def
File: xetex.def 2017/06/24 v5.0h Graphics/color driver for xetex
))
\Gin@req@height=\dimen128
\Gin@req@width=\dimen129
)
(/usr/sepp1.5.1/drwho/pack-a/texlive-20181114-cr/texmf-dist/tex/latex/url/url.s
ty
\Urlmuskip=\muskip11
Package: url 2013/09/16  ver 3.4  Verb mode for urls, etc.
)
(/usr/sepp1.5.1/drwho/pack-a/texlive-20181114-cr/texmf-dist/tex/latex/mathtools
/mathtools.sty
Package: mathtools 2018/01/08 v1.21 mathematical typesetting tools

(/usr/sepp1.5.1/drwho/pack-a/texlive-20181114-cr/texmf-dist/tex/latex/tools/cal
c.sty
Package: calc 2017/05/25 v4.3 Infix arithmetic (KKT,FJ)
\calc@Acount=\count117
\calc@Bcount=\count118
\calc@Adimen=\dimen130
\calc@Bdimen=\dimen131
\calc@Askip=\skip56
\calc@Bskip=\skip57
LaTeX Info: Redefining \setlength on input line 80.
LaTeX Info: Redefining \addtolength on input line 81.
\calc@Ccount=\count119
\calc@Cskip=\skip58
)
(/usr/sepp1.5.1/drwho/pack-a/texlive-20181114-cr/texmf-dist/tex/latex/mathtools
/mhsetup.sty
Package: mhsetup 2017/03/31 v1.3 programming setup (MH)
)
LaTeX Info: Thecontrolsequence`\('isalreadyrobust on input line 129.
LaTeX Info: Thecontrolsequence`\)'isalreadyrobust on input line 129.
LaTeX Info: Thecontrolsequence`\['isalreadyrobust on input line 129.
LaTeX Info: Thecontrolsequence`\]'isalreadyrobust on input line 129.
\g_MT_multlinerow_int=\count120
\l_MT_multwidth_dim=\dimen132
\origjot=\skip59
\l_MT_shortvdotswithinadjustabove_dim=\dimen133
\l_MT_shortvdotswithinadjustbelow_dim=\dimen134
\l_MT_above_intertext_sep=\dimen135
\l_MT_below_intertext_sep=\dimen136
\l_MT_above_shortintertext_sep=\dimen137
\l_MT_below_shortintertext_sep=\dimen138
)
(/usr/sepp1.5.1/drwho/pack-a/texlive-20181114-cr/texmf-dist/tex/latex/etoolbox/
etoolbox.sty
Package: etoolbox 2018/08/19 v2.5f e-TeX tools for LaTeX (JAW)
\etb@tempcnta=\count121
)
(/usr/sepp1.5.1/drwho/pack-a/texlive-20181114-cr/texmf-dist/tex/latex/hyperref/
hyperref.sty
Package: hyperref 2018/09/30 v6.88a Hypertext links for LaTeX

(/usr/sepp1.5.1/drwho/pack-a/texlive-20181114-cr/texmf-dist/tex/generic/oberdie
k/hobsub-hyperref.sty
Package: hobsub-hyperref 2016/05/16 v1.14 Bundle oberdiek, subset hyperref (HO)


(/usr/sepp1.5.1/drwho/pack-a/texlive-20181114-cr/texmf-dist/tex/generic/oberdie
k/hobsub-generic.sty
Package: hobsub-generic 2016/05/16 v1.14 Bundle oberdiek, subset generic (HO)
Package: hobsub 2016/05/16 v1.14 Construct package bundles (HO)
Package: infwarerr 2016/05/16 v1.4 Providing info/warning/error messages (HO)
Package: ltxcmds 2016/05/16 v1.23 LaTeX kernel commands for general use (HO)
Package: ifluatex 2016/05/16 v1.4 Provides the ifluatex switch (HO)
Package ifluatex Info: LuaTeX not detected.
Package: ifvtex 2016/05/16 v1.6 Detect VTeX and its facilities (HO)
Package ifvtex Info: VTeX not detected.
Package: intcalc 2016/05/16 v1.2 Expandable calculations with integers (HO)
Package: ifpdf 2018/09/07 v3.3 Provides the ifpdf switch
Package: etexcmds 2016/05/16 v1.6 Avoid name clashes with e-TeX commands (HO)
Package etexcmds Info: Could not find \expanded.
(etexcmds)             That can mean that you are not using pdfTeX 1.50 or
(etexcmds)             that some package has redefined \expanded.
(etexcmds)             In the latter case, load this package earlier.
Package: kvsetkeys 2016/05/16 v1.17 Key value parser (HO)
Package: kvdefinekeys 2016/05/16 v1.4 Define keys (HO)
Package: pdftexcmds 2018/09/10 v0.29 Utility functions of pdfTeX for LuaTeX (HO
)
Package pdftexcmds Info: LuaTeX not detected.
Package pdftexcmds Info: pdfTeX >= 1.30 not detected.
Package pdftexcmds Info: \pdf@primitive is available.
Package pdftexcmds Info: \pdf@ifprimitive is available.
Package pdftexcmds Info: \pdfdraftmode not found.
Package: pdfescape 2016/05/16 v1.14 Implements pdfTeX's escape features (HO)
Package: bigintcalc 2016/05/16 v1.4 Expandable calculations on big integers (HO
)
Package: bitset 2016/05/16 v1.2 Handle bit-vector datatype (HO)
Package: uniquecounter 2016/05/16 v1.3 Provide unlimited unique counter (HO)
)
Package hobsub Info: Skipping package `hobsub' (already loaded).
Package: letltxmacro 2016/05/16 v1.5 Let assignment for LaTeX macros (HO)
Package: hopatch 2016/05/16 v1.3 Wrapper for package hooks (HO)
Package: xcolor-patch 2016/05/16 xcolor patch
Package: atveryend 2016/05/16 v1.9 Hooks at the very end of document (HO)
Package: atbegshi 2016/06/09 v1.18 At begin shipout hook (HO)
Package: refcount 2016/05/16 v3.5 Data extraction from label references (HO)
Package: hycolor 2016/05/16 v1.8 Color options for hyperref/bookmark (HO)
)
(/usr/sepp1.5.1/drwho/pack-a/texlive-20181114-cr/texmf-dist/tex/generic/ifxetex
/ifxetex.sty
Package: ifxetex 2010/09/12 v0.6 Provides ifxetex conditional
)
(/usr/sepp1.5.1/drwho/pack-a/texlive-20181114-cr/texmf-dist/tex/latex/oberdiek/
auxhook.sty
Package: auxhook 2016/05/16 v1.4 Hooks for auxiliary files (HO)
)
(/usr/sepp1.5.1/drwho/pack-a/texlive-20181114-cr/texmf-dist/tex/latex/oberdiek/
kvoptions.sty
Package: kvoptions 2016/05/16 v3.12 Key value format for package options (HO)
)
\@linkdim=\dimen139
\Hy@linkcounter=\count122
\Hy@pagecounter=\count123

(/usr/sepp1.5.1/drwho/pack-a/texlive-20181114-cr/texmf-dist/tex/latex/hyperref/
pd1enc.def
File: pd1enc.def 2018/09/30 v6.88a Hyperref: PDFDocEncoding definition (HO)
)
\Hy@SavedSpaceFactor=\count124

(/usr/sepp1.5.1/drwho/pack-a/texlive-20181114-cr/texmf-dist/tex/latex/latexconf
ig/hyperref.cfg
File: hyperref.cfg 2002/06/06 v1.2 hyperref configuration of TeXLive
)
Package hyperref Info: Option `colorlinks' set `true' on input line 4409.
Package hyperref Info: Hyper figures OFF on input line 4535.
Package hyperref Info: Link nesting OFF on input line 4540.
Package hyperref Info: Hyper index ON on input line 4543.
Package hyperref Info: Plain pages OFF on input line 4550.
Package hyperref Info: Backreferencing OFF on input line 4555.
Package hyperref Info: Implicit mode ON; LaTeX internals redefined.
Package hyperref Info: Bookmarks ON on input line 4788.
\c@Hy@tempcnt=\count125
LaTeX Info: Redefining \url on input line 5141.
\XeTeXLinkMargin=\dimen140
\Fld@menulength=\count126
\Field@Width=\dimen141
\Fld@charsize=\dimen142
Package hyperref Info: Hyper figures OFF on input line 6396.
Package hyperref Info: Link nesting OFF on input line 6401.
Package hyperref Info: Hyper index ON on input line 6404.
Package hyperref Info: backreferencing OFF on input line 6411.
Package hyperref Info: Link coloring ON on input line 6414.
Package hyperref Info: Link coloring with OCG OFF on input line 6421.
Package hyperref Info: PDF/A mode OFF on input line 6426.
LaTeX Info: Redefining \ref on input line 6466.
LaTeX Info: Redefining \pageref on input line 6470.
\Hy@abspage=\count127
\c@Item=\count128
\c@Hfootnote=\count129
)
Package hyperref Info: Driver (autodetected): hxetex.

(/usr/sepp1.5.1/drwho/pack-a/texlive-20181114-cr/texmf-dist/tex/latex/hyperref/
hxetex.def
File: hxetex.def 2018/09/30 v6.88a Hyperref driver for XeTeX

(/usr/sepp1.5.1/drwho/pack-a/texlive-20181114-cr/texmf-dist/tex/latex/hyperref/
puenc.def
File: puenc.def 2018/09/30 v6.88a Hyperref: PDF Unicode definition (HO)
)
(/usr/sepp1.5.1/drwho/pack-a/texlive-20181114-cr/texmf-dist/tex/generic/oberdie
k/stringenc.sty
Package: stringenc 2016/05/16 v1.11 Convert strings between diff. encodings (HO
)
)
\pdfm@box=\box30
\c@Hy@AnnotLevel=\count130
\HyField@AnnotCount=\count131
\Fld@listcount=\count132
\c@bookmark@seq@number=\count133

(/usr/sepp1.5.1/drwho/pack-a/texlive-20181114-cr/texmf-dist/tex/latex/oberdiek/
rerunfilecheck.sty
Package: rerunfilecheck 2016/05/16 v1.8 Rerun checks for auxiliary files (HO)
Package uniquecounter Info: New unique counter `rerunfilecheck' on input line 2
82.
)
\Hy@SectionHShift=\skip60
)
(/usr/sepp1.5.1/drwho/pack-a/texlive-20181114-cr/texmf-dist/tex/latex/enumitem/
enumitem.sty
Package: enumitem 2011/09/28 v3.5.2 Customized lists
\labelindent=\skip61
\enit@outerparindent=\dimen143
\enit@toks=\toks38
\enit@inbox=\box31
\enitdp@description=\count134
)
(/usr/sepp1.5.1/drwho/pack-a/texlive-20181114-cr/texmf-dist/tex/latex/cleveref/
cleveref.sty
Package: cleveref 2018/03/27 v0.21.4 Intelligent cross-referencing
Package cleveref Info: `hyperref' support loaded on input line 2370.
LaTeX Info: Redefining \cref on input line 2370.
LaTeX Info: Redefining \Cref on input line 2370.
LaTeX Info: Redefining \crefrange on input line 2370.
LaTeX Info: Redefining \Crefrange on input line 2370.
LaTeX Info: Redefining \cpageref on input line 2370.
LaTeX Info: Redefining \Cpageref on input line 2370.
LaTeX Info: Redefining \cpagerefrange on input line 2370.
LaTeX Info: Redefining \Cpagerefrange on input line 2370.
LaTeX Info: Redefining \labelcref on input line 2370.
LaTeX Info: Redefining \labelcpageref on input line 2370.
Package cleveref Info: `ntheorem' support loaded on input line 3055.


Package cleveref Warning: `cleveref' supersedes `ntheorem's `thref' option on i
nput line 3055.

Package cleveref Info: always capitalise cross-reference names on input line 78
30.
Package cleveref Info: always capitalise cross-reference names on input line 78
52.
)
\c@aufgabeNummer=\count135
\c@currSatzctr=\count136
\c@endSatzctr=\count137
\c@Satz=\count138
\c@currLemmactr=\count139
\c@endLemmactr=\count140
\c@Lemma=\count141
\c@currDefinitionctr=\count142
\c@endDefinitionctr=\count143
\c@Definition=\count144
\c@currBeisiepctr=\count145
\c@endBeisiepctr=\count146
\c@Beisiep=\count147
\c@currAufgabectr=\count148
\c@endAufgabectr=\count149


! LaTeX Error: Command \C already defined.
               Or name \end... illegal, see p.192 of the manual.

See the LaTeX manual or LaTeX Companion for explanation.
Type  H <return>  for immediate help.
 ...                                              
                                                  
l.51 \newcommand\C{\mathbb{C}}
                              
? 

(/usr/sepp1.5.1/drwho/pack-a/texlive-20181114-cr/texmf-dist/tex/latex/koma-scri
pt/scrlayer-scrpage.sty
Package: scrlayer-scrpage 2018/03/30 v3.25 KOMA-Script package (end user interf
ace for scrlayer)

(/usr/sepp1.5.1/drwho/pack-a/texlive-20181114-cr/texmf-dist/tex/latex/koma-scri
pt/scrlayer.sty
Package: scrlayer 2018/03/30 v3.25 KOMA-Script package (defining layers and pag
e styles)

(/usr/sepp1.5.1/drwho/pack-a/texlive-20181114-cr/texmf-dist/tex/latex/koma-scri
pt/scrkbase.sty
Package: scrkbase 2018/03/30 v3.25 KOMA-Script package (KOMA-Script-dependent b
asics and keyval usage)

(/usr/sepp1.5.1/drwho/pack-a/texlive-20181114-cr/texmf-dist/tex/latex/koma-scri
pt/scrbase.sty
Package: scrbase 2018/03/30 v3.25 KOMA-Script package (KOMA-Script-independent 
basics and keyval usage)

(/usr/sepp1.5.1/drwho/pack-a/texlive-20181114-cr/texmf-dist/tex/latex/koma-scri
pt/scrlfile.sty
Package: scrlfile 2018/03/30 v3.25 KOMA-Script package (loading files)
)))
\footheight=\skip62
Package scrlayer Info: patching LaTeX kernel macro \pagestyle on input line 199
7.
))
Package scrlayer-scrpage Info: auto-selection of `pagestyleset=standard'.

No file HW8-Midterm.aux.
\openout1 = `HW8-Midterm.aux'.

LaTeX Font Info:    Checking defaults for OML/cmm/m/it on input line 78.
LaTeX Font Info:    ... okay on input line 78.
LaTeX Font Info:    Checking defaults for T1/cmr/m/n on input line 78.
LaTeX Font Info:    ... okay on input line 78.
LaTeX Font Info:    Checking defaults for OT1/cmr/m/n on input line 78.
LaTeX Font Info:    ... okay on input line 78.
LaTeX Font Info:    Checking defaults for OMS/cmsy/m/n on input line 78.
LaTeX Font Info:    ... okay on input line 78.
LaTeX Font Info:    Checking defaults for TU/lmr/m/n on input line 78.
LaTeX Font Info:    ... okay on input line 78.
LaTeX Font Info:    Checking defaults for OMX/cmex/m/n on input line 78.
LaTeX Font Info:    ... okay on input line 78.
LaTeX Font Info:    Checking defaults for U/cmr/m/n on input line 78.
LaTeX Font Info:    ... okay on input line 78.
LaTeX Font Info:    Checking defaults for PD1/pdf/m/n on input line 78.
LaTeX Font Info:    ... okay on input line 78.
LaTeX Font Info:    Checking defaults for PU/pdf/m/n on input line 78.
LaTeX Font Info:    ... okay on input line 78.
\AtBeginShipoutBox=\box32

(/usr/sepp1.5.1/drwho/pack-a/texlive-20181114-cr/texmf-dist/tex/latex/graphics/
color.sty
Package: color 2016/07/10 v1.1e Standard LaTeX Color (DPC)

(/usr/sepp1.5.1/drwho/pack-a/texlive-20181114-cr/texmf-dist/tex/latex/graphics-
cfg/color.cfg
File: color.cfg 2016/01/02 v1.6 sample color configuration
)
Package color Info: Driver file: xetex.def on input line 147.
)
Package hyperref Info: Link coloring ON on input line 78.

(/usr/sepp1.5.1/drwho/pack-a/texlive-20181114-cr/texmf-dist/tex/latex/hyperref/
nameref.sty
Package: nameref 2016/05/21 v2.44 Cross-referencing by name of section

(/usr/sepp1.5.1/drwho/pack-a/texlive-20181114-cr/texmf-dist/tex/generic/oberdie
k/gettitlestring.sty
Package: gettitlestring 2016/05/16 v1.5 Cleanup title references (HO)
)
\c@section@level=\count150
)
LaTeX Info: Redefining \ref on input line 78.
LaTeX Info: Redefining \pageref on input line 78.
LaTeX Info: Redefining \nameref on input line 78.
\@outlinefile=\write3
\openout3 = `HW8-Midterm.out'.



Package hyperref Warning: Rerun to get /PageLabels entry.

Package scrlayer Info: Setting magic \footheight to \baselineskip while
(scrlayer)             \begin{document} on input line 78.

Package scrlayer-scrpage Warning: Very small head height detected!
(scrlayer-scrpage)                Using scrlayer-scrpage the head height
(scrlayer-scrpage)                should be at least \baselineskip, which is
(scrlayer-scrpage)                13.6pt currently.
(scrlayer-scrpage)                But head height is currently 12.0pt only.
(scrlayer-scrpage)                You may use
(scrlayer-scrpage)                \setlength{\headheight}{13.6pt}
(scrlayer-scrpage)                \relax to avoid this warning.

File: cm-logo2-eps-converted-to.pdf Graphic file (type pdf)
<use cm-logo2-eps-converted-to.pdf>

Overfull \hbox (93.0893pt too wide) in paragraph at lines 79--79
[][] 
 []

LaTeX Font Info:    Try loading font information for U+msa on input line 79.

(/usr/sepp1.5.1/drwho/pack-a/texlive-20181114-cr/texmf-dist/tex/latex/amsfonts/
umsa.fd
File: umsa.fd 2013/01/14 v3.01 AMS symbols A
)
LaTeX Font Info:    Try loading font information for U+msb on input line 79.

(/usr/sepp1.5.1/drwho/pack-a/texlive-20181114-cr/texmf-dist/tex/latex/amsfonts/
umsb.fd
File: umsb.fd 2013/01/14 v3.01 AMS symbols B
)
Underfull \hbox (badness 10000) in paragraph at lines 90--90

 []

Package hyperref Info: bookmark level for unknown Aufgabe defaults to 0 on inpu
t line 104.

Package scrlayer-scrpage Warning: \headheight to low.
(scrlayer-scrpage)                At least 13.59999pt needed,
(scrlayer-scrpage)                but only 12.0pt found.
(scrlayer-scrpage)                I'll enlarge \headheight, for further
(scrlayer-scrpage)                processing, but you should do this yourself,
(scrlayer-scrpage)                e.g., using
(scrlayer-scrpage)                  \setlength{\headheight}{13.59999pt}
(scrlayer-scrpage)                in your preamble.
(scrlayer-scrpage)                I'll also decrease \topmargin on input line 1
24.


Overfull \vbox (1.59999pt too high) has occurred while \output is active []


(/usr/sepp1.5.1/drwho/pack-a/texlive-20181114-cr/texmf-dist/tex/generic/oberdie
k/se-ascii-print.def
File: se-ascii-print.def 2016/05/16 v1.11 stringenc: Printable ASCII characters

) [1

]
Overfull \hbox (2.39447pt too wide) detected at line 130
\OML/cmm/m/it/10.95 A[] \OT1/cmr/m/n/10.95 = (\OML/cmm/m/it/10.95 a[]\OT1/cmr/m
/n/10.95 )[]\OML/cmm/m/it/10.95 ;  a[] \OT1/cmr/m/n/10.95 := []  []\OML/cmm/m/i
t/10.95 b \OT1/cmr/m/n/10.95 = (\OML/cmm/m/it/10.95 b[]\OT1/cmr/m/n/10.95 )[]\O
ML/cmm/m/it/10.95 ;  b[] \OT1/cmr/m/n/10.95 := []
 []

[2]
\tf@thm=\write4
\openout4 = `HW8-Midterm.thm'.

Package atveryend Info: Empty hook `BeforeClearDocument' on input line 171.
 [3]
Package atveryend Info: Empty hook `AfterLastShipout' on input line 171.
 (./HW8-Midterm.aux
Package cleveref Info: loaded `english' language definitions on input line 19.
)
Package atveryend Info: Empty hook `AtVeryEndDocument' on input line 171.
Package atveryend Info: Executing hook `AtEndAfterFileList' on input line 171.


Package rerunfilecheck Warning: File `HW8-Midterm.out' has changed.
(rerunfilecheck)                Rerun to get outlines right
(rerunfilecheck)                or use package `bookmark'.

Package rerunfilecheck Info: Checksums for `HW8-Midterm.out':
(rerunfilecheck)             Before: 
(rerunfilecheck)             After:  D41D8CD98F00B204E9800998ECF8427E.
 ) 
Here is how much of TeX's memory you used:
 14759 strings out of 492956
 259832 string characters out of 6123325
 392007 words of memory out of 5000000
 18638 multiletter control sequences out of 15000+600000
 8728 words of font info for 43 fonts, out of 8000000 for 9000
 1348 hyphenation exceptions out of 8191
 41i,19n,66p,809b,437s stack positions out of 5000i,500n,10000p,200000b,80000s

Output written on HW8-Midterm.pdf (3 pages).
