This is XeTeX, Version 3.14159265-2.6-0.99998 (TeX Live 2017) (preloaded format=xelatex 2019.4.3)  3 MAY 2019 14:37
entering extended mode
 restricted \write18 enabled.
 %&-line parsing enabled.
**HW10.tex
(./HW10.tex
LaTeX2e <2017/01/01> patch level 3
Babel <3.10> and hyphenation patterns for 28 language(s) loaded.
(/usr/share/texmf-dist/tex/latex/base/article.cls
Document Class: article 2014/09/29 v1.4h Standard LaTeX document class
(/usr/share/texmf-dist/tex/latex/base/size11.clo
File: size11.clo 2014/09/29 v1.4h Standard LaTeX file (size option)
)
\c@part=\count79
\c@section=\count80
\c@subsection=\count81
\c@subsubsection=\count82
\c@paragraph=\count83
\c@subparagraph=\count84
\c@figure=\count85
\c@table=\count86
\abovecaptionskip=\skip41
\belowcaptionskip=\skip42
\bibindent=\dimen102
)
(/usr/share/texmf-dist/tex/latex/base/inputenc.sty
Package: inputenc 2015/03/17 v1.2c Input encoding file
\inpenc@prehook=\toks14
\inpenc@posthook=\toks15


Package inputenc Warning: inputenc package ignored with utf8 based engines.

) (/usr/share/texmf-dist/tex/generic/babel/babel.sty
Package: babel 2017/05/19 3.10 The Babel package

(/usr/share/texmf-dist/tex/generic/babel-english/english.ldf
Language: english 2017/01/24 v3.3q English support from the babel system

(/usr/share/texmf-dist/tex/generic/babel/babel.def
File: babel.def 2017/05/19 3.10 Babel common definitions
\babel@savecnt=\count87
\U@D=\dimen103

(/usr/share/texmf-dist/tex/generic/babel/xebabel.def))
\l@canadian = a dialect from \language\l@american 
\l@australian = a dialect from \language\l@british 
\l@newzealand = a dialect from \language\l@british 
))
(/usr/share/texmf-dist/tex/latex/base/exscale.sty
Package: exscale 2014/09/29 v2.1h Standard LaTeX package exscale
LaTeX Font Info:    Redeclaring symbol font `largesymbols' on input line 57.
LaTeX Font Info:    Overwriting symbol font `largesymbols' in version `normal'
(Font)                  OMX/cmex/m/n --> OMX/cmex/m/n on input line 57.
LaTeX Font Info:    Overwriting symbol font `largesymbols' in version `bold'
(Font)                  OMX/cmex/m/n --> OMX/cmex/m/n on input line 57.
\big@size=\dimen104
)
(/usr/share/texmf-dist/tex/latex/amsmath/amsmath.sty
Package: amsmath 2016/11/05 v2.16a AMS math features
\@mathmargin=\skip43

For additional information on amsmath, use the `?' option.
(/usr/share/texmf-dist/tex/latex/amsmath/amstext.sty
Package: amstext 2000/06/29 v2.01 AMS text

(/usr/share/texmf-dist/tex/latex/amsmath/amsgen.sty
File: amsgen.sty 1999/11/30 v2.0 generic functions
\@emptytoks=\toks16
\ex@=\dimen105
))
(/usr/share/texmf-dist/tex/latex/amsmath/amsbsy.sty
Package: amsbsy 1999/11/29 v1.2d Bold Symbols
\pmbraise@=\dimen106
)
(/usr/share/texmf-dist/tex/latex/amsmath/amsopn.sty
Package: amsopn 2016/03/08 v2.02 operator names
)
\inf@bad=\count88
LaTeX Info: Redefining \frac on input line 213.
\uproot@=\count89
\leftroot@=\count90
LaTeX Info: Redefining \overline on input line 375.
\classnum@=\count91
\DOTSCASE@=\count92
LaTeX Info: Redefining \ldots on input line 472.
LaTeX Info: Redefining \dots on input line 475.
LaTeX Info: Redefining \cdots on input line 596.
\Mathstrutbox@=\box26
\strutbox@=\box27
\big@size=\dimen107
LaTeX Font Info:    Redeclaring font encoding OML on input line 712.
LaTeX Font Info:    Redeclaring font encoding OMS on input line 713.
\macc@depth=\count93
\c@MaxMatrixCols=\count94
\dotsspace@=\muskip10
\c@parentequation=\count95
\dspbrk@lvl=\count96
\tag@help=\toks17
\row@=\count97
\column@=\count98
\maxfields@=\count99
\andhelp@=\toks18
\eqnshift@=\dimen108
\alignsep@=\dimen109
\tagshift@=\dimen110
\tagwidth@=\dimen111
\totwidth@=\dimen112
\lineht@=\dimen113
\@envbody=\toks19
\multlinegap=\skip44
\multlinetaggap=\skip45
\mathdisplay@stack=\toks20
LaTeX Info: Redefining \[ on input line 2817.
LaTeX Info: Redefining \] on input line 2818.
)
(/usr/share/texmf-dist/tex/latex/amsfonts/amsfonts.sty
Package: amsfonts 2013/01/14 v3.01 Basic AMSFonts support
\symAMSa=\mathgroup4
\symAMSb=\mathgroup5
LaTeX Font Info:    Overwriting math alphabet `\mathfrak' in version `bold'
(Font)                  U/euf/m/n --> U/euf/b/n on input line 106.
)
(/usr/share/texmf-dist/tex/latex/amsfonts/amssymb.sty
Package: amssymb 2013/01/14 v3.01 AMS font symbols
)
(/usr/share/texmf-dist/tex/latex/ntheorem/ntheorem.sty
Style `ntheorem', Version 1.33 <2011/08/15>
Package: ntheorem 2011/08/15 1.33
(/usr/share/texmf-dist/tex/latex/base/ifthen.sty
Package: ifthen 2014/09/29 v1.1c Standard LaTeX ifthen package (DPC)
)
\theorem@style=\toks21
\theorem@@style=\toks22
\theorembodyfont=\toks23
\theoremnumbering=\toks24
\theorempreskipamount=\skip46
\theorempostskipamount=\skip47
\theoremframepreskipamount=\skip48
\theoremframepostskipamount=\skip49
\theoreminframepreskipamount=\skip50
\theoreminframepostskipamount=\skip51
\theorem@preskip=\toks25
\theorem@postskip=\toks26
\theorem@framepreskip=\toks27
\theorem@framepostskip=\toks28
\theorem@inframepreskip=\toks29
\theorem@inframepostskip=\toks30
\theoremindent=\dimen114
\theorem@indent=\dimen115
\theoremrightindent=\dimen116
\theorem@rightindent=\dimen117
\theoremheaderfont=\toks31
\theoremseparator=\toks32
\theoremprework=\toks33
\theorempostwork=\toks34
\theoremsymbol=\toks35
\qedsymbol=\toks36
\theoremkeyword=\toks37
\qedsymbol=\toks38
\thm@topsep=\skip52
\thm@topsepadd=\skip53
Package ntheorem Info: Option `thmmarks' loaded on input line 1175.
\c@endNonectr=\count100
\c@currNonectr=\count101
\mysavskip=\skip54
Package ntheorem Info: Option `thref' loaded on input line 1175.
\mysavskip=\skip55
Package ntheorem Info: option `amsmath' handling for `thref' loaded on input li
ne 1175.
Package ntheorem Info: option `amsmath' handling for `thmmarks' loaded on input
 line 1175.
\thm@amstmpdepth=\dimen118
\tagwidth=\dimen119
Package ntheorem Info: Option `amsthm' loaded on input line 1175.
\c@proof=\count102
\c@currproofctr=\count103
\c@endproofctr=\count104
)
(/usr/share/texmf-dist/tex/latex/a4wide/a4wide.sty
Package: a4wide 1994/08/30

(/usr/share/texmf-dist/tex/latex/ntgclass/a4.sty
Package: a4 2004/04/15 v1.2g A4 based page layout
))
(/usr/share/texmf-dist/tex/latex/eepic/epic.sty
Enhancements to Picture Environment. Version 1.2 - Released June 1, 1986
\@@multicnt=\count105
\d@lta=\count106
\@delta=\dimen120
\@@delta=\dimen121
\@gridcnt=\count107
\@joinkind=\count108
\@dotgap=\dimen122
\@ddotgap=\dimen123
\@x@diff=\count109
\@y@diff=\count110
\x@diff=\dimen124
\y@diff=\dimen125
\@dotbox=\box28
\num@segments=\count111
\num@segmentsi=\count112
\@datafile=\read1
) (/usr/share/texmf-dist/tex/latex/eepic/eepic.sty
Extension to Epic and LaTeX. Version 1.1e - Released Dec 21, 1999
\@gphlinewidth=\count113
\@eepictcnt=\count114
\@tempdimc=\dimen126
\maxovaldiam=\dimen127
\@filltype=\box29
) (/usr/share/texmf-dist/tex/latex/graphics/graphicx.sty
Package: graphicx 2014/10/28 v1.0g Enhanced LaTeX Graphics (DPC,SPQR)

(/usr/share/texmf-dist/tex/latex/graphics/keyval.sty
Package: keyval 2014/10/28 v1.15 key=value parser (DPC)
\KV@toks@=\toks39
)
(/usr/share/texmf-dist/tex/latex/graphics/graphics.sty
Package: graphics 2016/10/09 v1.0u Standard LaTeX Graphics (DPC,SPQR)

(/usr/share/texmf-dist/tex/latex/graphics/trig.sty
Package: trig 2016/01/03 v1.10 sin cos tan (DPC)
)
(/usr/share/texmf-dist/tex/latex/graphics-cfg/graphics.cfg
File: graphics.cfg 2016/06/04 v1.11 sample graphics configuration
)
Package graphics Info: Driver file: xetex.def on input line 99.

(/usr/share/texmf-dist/tex/latex/graphics-def/xetex.def
File: xetex.def 2016/07/11 v4.10 LaTeX color/graphics driver for XeTeX (L3/RRM/
JK)
))
\Gin@req@height=\dimen128
\Gin@req@width=\dimen129
)
(/usr/share/texmf-dist/tex/latex/url/url.sty
\Urlmuskip=\muskip11
Package: url 2013/09/16  ver 3.4  Verb mode for urls, etc.
)
(/usr/share/texmf-dist/tex/latex/mathtools/mathtools.sty
Package: mathtools 2015/11/12 v1.18 mathematical typesetting tools

(/usr/share/texmf-dist/tex/latex/tools/calc.sty
Package: calc 2014/10/28 v4.3 Infix arithmetic (KKT,FJ)
\calc@Acount=\count115
\calc@Bcount=\count116
\calc@Adimen=\dimen130
\calc@Bdimen=\dimen131
\calc@Askip=\skip56
\calc@Bskip=\skip57
LaTeX Info: Redefining \setlength on input line 80.
LaTeX Info: Redefining \addtolength on input line 81.
\calc@Ccount=\count117
\calc@Cskip=\skip58
)
(/usr/share/texmf-dist/tex/latex/mathtools/mhsetup.sty
Package: mhsetup 2010/01/21 v1.2a programming setup (MH)
)
LaTeX Info: Thecontrolsequence`\('isalreadyrobust on input line 129.
LaTeX Info: Thecontrolsequence`\)'isalreadyrobust on input line 129.
LaTeX Info: Thecontrolsequence`\['isalreadyrobust on input line 129.
LaTeX Info: Thecontrolsequence`\]'isalreadyrobust on input line 129.
\g_MT_multlinerow_int=\count118
\l_MT_multwidth_dim=\dimen132
\origjot=\skip59
\l_MT_shortvdotswithinadjustabove_dim=\dimen133
\l_MT_shortvdotswithinadjustbelow_dim=\dimen134
\l_MT_above_intertext_sep=\dimen135
\l_MT_below_intertext_sep=\dimen136
\l_MT_above_shortintertext_sep=\dimen137
\l_MT_below_shortintertext_sep=\dimen138
)
(/usr/share/texmf-dist/tex/latex/etoolbox/etoolbox.sty
Package: etoolbox 2017/01/02 v2.4 e-TeX tools for LaTeX (JAW)
\etb@tempcnta=\count119
)
(/usr/share/texmf-dist/tex/latex/hyperref/hyperref.sty
Package: hyperref 2017/03/14 v6.85a Hypertext links for LaTeX

(/usr/share/texmf-dist/tex/generic/oberdiek/hobsub-hyperref.sty
Package: hobsub-hyperref 2016/05/16 v1.14 Bundle oberdiek, subset hyperref (HO)


(/usr/share/texmf-dist/tex/generic/oberdiek/hobsub-generic.sty
Package: hobsub-generic 2016/05/16 v1.14 Bundle oberdiek, subset generic (HO)
Package: hobsub 2016/05/16 v1.14 Construct package bundles (HO)
Package: infwarerr 2016/05/16 v1.4 Providing info/warning/error messages (HO)
Package: ltxcmds 2016/05/16 v1.23 LaTeX kernel commands for general use (HO)
Package: ifluatex 2016/05/16 v1.4 Provides the ifluatex switch (HO)
Package ifluatex Info: LuaTeX not detected.
Package: ifvtex 2016/05/16 v1.6 Detect VTeX and its facilities (HO)
Package ifvtex Info: VTeX not detected.
Package: intcalc 2016/05/16 v1.2 Expandable calculations with integers (HO)
Package: ifpdf 2017/03/15 v3.2 Provides the ifpdf switch
Package: etexcmds 2016/05/16 v1.6 Avoid name clashes with e-TeX commands (HO)
Package etexcmds Info: Could not find \expanded.
(etexcmds)             That can mean that you are not using pdfTeX 1.50 or
(etexcmds)             that some package has redefined \expanded.
(etexcmds)             In the latter case, load this package earlier.
Package: kvsetkeys 2016/05/16 v1.17 Key value parser (HO)
Package: kvdefinekeys 2016/05/16 v1.4 Define keys (HO)
Package: pdftexcmds 2017/03/19 v0.25 Utility functions of pdfTeX for LuaTeX (HO
)
Package pdftexcmds Info: LuaTeX not detected.
Package pdftexcmds Info: pdfTeX >= 1.30 not detected.
Package pdftexcmds Info: \pdf@primitive is available.
Package pdftexcmds Info: \pdf@ifprimitive is available.
Package pdftexcmds Info: \pdfdraftmode not found.
Package: pdfescape 2016/05/16 v1.14 Implements pdfTeX's escape features (HO)
Package: bigintcalc 2016/05/16 v1.4 Expandable calculations on big integers (HO
)
Package: bitset 2016/05/16 v1.2 Handle bit-vector datatype (HO)
Package: uniquecounter 2016/05/16 v1.3 Provide unlimited unique counter (HO)
)
Package hobsub Info: Skipping package `hobsub' (already loaded).
Package: letltxmacro 2016/05/16 v1.5 Let assignment for LaTeX macros (HO)
Package: hopatch 2016/05/16 v1.3 Wrapper for package hooks (HO)
Package: xcolor-patch 2016/05/16 xcolor patch
Package: atveryend 2016/05/16 v1.9 Hooks at the very end of document (HO)
Package: atbegshi 2016/06/09 v1.18 At begin shipout hook (HO)
Package: refcount 2016/05/16 v3.5 Data extraction from label references (HO)
Package: hycolor 2016/05/16 v1.8 Color options for hyperref/bookmark (HO)
)
(/usr/share/texmf-dist/tex/generic/ifxetex/ifxetex.sty
Package: ifxetex 2010/09/12 v0.6 Provides ifxetex conditional
)
(/usr/share/texmf-dist/tex/latex/oberdiek/auxhook.sty
Package: auxhook 2016/05/16 v1.4 Hooks for auxiliary files (HO)
)
(/usr/share/texmf-dist/tex/latex/oberdiek/kvoptions.sty
Package: kvoptions 2016/05/16 v3.12 Key value format for package options (HO)
)
\@linkdim=\dimen139
\Hy@linkcounter=\count120
\Hy@pagecounter=\count121

(/usr/share/texmf-dist/tex/latex/hyperref/pd1enc.def
File: pd1enc.def 2017/03/14 v6.85a Hyperref: PDFDocEncoding definition (HO)
)
\Hy@SavedSpaceFactor=\count122

(/usr/share/texmf-dist/tex/latex/latexconfig/hyperref.cfg
File: hyperref.cfg 2002/06/06 v1.2 hyperref configuration of TeXLive
)
Package hyperref Info: Option `colorlinks' set `true' on input line 4374.
Package hyperref Info: Hyper figures OFF on input line 4498.
Package hyperref Info: Link nesting OFF on input line 4503.
Package hyperref Info: Hyper index ON on input line 4506.
Package hyperref Info: Plain pages OFF on input line 4513.
Package hyperref Info: Backreferencing OFF on input line 4518.
Package hyperref Info: Implicit mode ON; LaTeX internals redefined.
Package hyperref Info: Bookmarks ON on input line 4751.
\c@Hy@tempcnt=\count123
LaTeX Info: Redefining \url on input line 5104.
\XeTeXLinkMargin=\dimen140
\Fld@menulength=\count124
\Field@Width=\dimen141
\Fld@charsize=\dimen142
Package hyperref Info: Hyper figures OFF on input line 6358.
Package hyperref Info: Link nesting OFF on input line 6363.
Package hyperref Info: Hyper index ON on input line 6366.
Package hyperref Info: backreferencing OFF on input line 6373.
Package hyperref Info: Link coloring ON on input line 6376.
Package hyperref Info: Link coloring with OCG OFF on input line 6383.
Package hyperref Info: PDF/A mode OFF on input line 6388.
LaTeX Info: Redefining \ref on input line 6428.
LaTeX Info: Redefining \pageref on input line 6432.
\Hy@abspage=\count125
\c@Item=\count126
\c@Hfootnote=\count127
)

Package hyperref Message: Driver (autodetected): hxetex.

(/usr/share/texmf-dist/tex/latex/hyperref/hxetex.def
File: hxetex.def 2017/03/14 v6.85a Hyperref driver for XeTeX

(/usr/share/texmf-dist/tex/latex/hyperref/puenc.def
File: puenc.def 2017/03/14 v6.85a Hyperref: PDF Unicode definition (HO)
)
(/usr/share/texmf-dist/tex/generic/oberdiek/stringenc.sty
Package: stringenc 2016/05/16 v1.11 Convert strings between diff. encodings (HO
)
)
\pdfm@box=\box30
\c@Hy@AnnotLevel=\count128
\HyField@AnnotCount=\count129
\Fld@listcount=\count130
\c@bookmark@seq@number=\count131

(/usr/share/texmf-dist/tex/latex/oberdiek/rerunfilecheck.sty
Package: rerunfilecheck 2016/05/16 v1.8 Rerun checks for auxiliary files (HO)
Package rerunfilecheck Info: Feature \pdfmdfivesum is not available
(rerunfilecheck)             (e.g. pdfTeX or LuaTeX with package `pdftexcmds').

(rerunfilecheck)             Therefore file contents cannot be checked efficien
tly
(rerunfilecheck)             and the loading of the package is aborted.
)
\Hy@SectionHShift=\skip60
)
(/usr/share/texmf-dist/tex/latex/enumitem/enumitem.sty
Package: enumitem 2011/09/28 v3.5.2 Customized lists
\labelindent=\skip61
\enit@outerparindent=\dimen143
\enit@toks=\toks40
\enit@inbox=\box31
\enitdp@description=\count132
)
(/usr/share/texmf-dist/tex/latex/cleveref/cleveref.sty
Package: cleveref 2013/12/28 v0.19 Intelligent cross-referencing
Package cleveref Info: `hyperref' support loaded on input line 2230.
LaTeX Info: Redefining \cref on input line 2230.
LaTeX Info: Redefining \Cref on input line 2230.
LaTeX Info: Redefining \crefrange on input line 2230.
LaTeX Info: Redefining \Crefrange on input line 2230.
LaTeX Info: Redefining \cpageref on input line 2230.
LaTeX Info: Redefining \Cpageref on input line 2230.
LaTeX Info: Redefining \cpagerefrange on input line 2230.
LaTeX Info: Redefining \Cpagerefrange on input line 2230.
LaTeX Info: Redefining \labelcref on input line 2230.
LaTeX Info: Redefining \labelcpageref on input line 2230.
Package cleveref Info: `ntheorem' support loaded on input line 2887.


Package cleveref Warning: `cleveref' supersedes `ntheorem's `thref' option on i
nput line 2887.

Package cleveref Info: always capitalise cross-reference names on input line 74
70.
Package cleveref Info: always capitalise cross-reference names on input line 74
93.
)
\c@aufgabeNummer=\count133
\c@currSatzctr=\count134
\c@endSatzctr=\count135
\c@Satz=\count136
\c@currLemmactr=\count137
\c@endLemmactr=\count138
\c@Lemma=\count139
\c@currDefinitionctr=\count140
\c@endDefinitionctr=\count141
\c@Definition=\count142
\c@currBeisiepctr=\count143
\c@endBeisiepctr=\count144
\c@Beisiep=\count145
\c@currAufgabectr=\count146
\c@endAufgabectr=\count147
 (./HW10.aux)
\openout1 = `HW10.aux'.

LaTeX Font Info:    Checking defaults for OML/cmm/m/it on input line 73.
LaTeX Font Info:    ... okay on input line 73.
LaTeX Font Info:    Checking defaults for T1/cmr/m/n on input line 73.
LaTeX Font Info:    ... okay on input line 73.
LaTeX Font Info:    Checking defaults for OT1/cmr/m/n on input line 73.
LaTeX Font Info:    ... okay on input line 73.
LaTeX Font Info:    Checking defaults for OMS/cmsy/m/n on input line 73.
LaTeX Font Info:    ... okay on input line 73.
LaTeX Font Info:    Checking defaults for TU/lmr/m/n on input line 73.
LaTeX Font Info:    ... okay on input line 73.
LaTeX Font Info:    Checking defaults for OMX/cmex/m/n on input line 73.
LaTeX Font Info:    ... okay on input line 73.
LaTeX Font Info:    Checking defaults for U/cmr/m/n on input line 73.
LaTeX Font Info:    ... okay on input line 73.
LaTeX Font Info:    Checking defaults for PD1/pdf/m/n on input line 73.
LaTeX Font Info:    ... okay on input line 73.
LaTeX Font Info:    Checking defaults for PU/pdf/m/n on input line 73.
LaTeX Font Info:    ... okay on input line 73.
\AtBeginShipoutBox=\box32
 (/usr/share/texmf-dist/tex/latex/graphics/color.sty
Package: color 2016/07/10 v1.1e Standard LaTeX Color (DPC)

(/usr/share/texmf-dist/tex/latex/graphics-cfg/color.cfg
File: color.cfg 2016/01/02 v1.6 sample color configuration
)
Package color Info: Driver file: xetex.def on input line 147.
)
Package hyperref Info: Link coloring ON on input line 73.

(/usr/share/texmf-dist/tex/latex/hyperref/nameref.sty
Package: nameref 2016/05/21 v2.44 Cross-referencing by name of section

(/usr/share/texmf-dist/tex/generic/oberdiek/gettitlestring.sty
Package: gettitlestring 2016/05/16 v1.5 Cleanup title references (HO)
)
\c@section@level=\count148
)
LaTeX Info: Redefining \ref on input line 73.
LaTeX Info: Redefining \pageref on input line 73.
LaTeX Info: Redefining \nameref on input line 73.
 (./HW10.out)
(./HW10.out)
\@outlinefile=\write3
\openout3 = `HW10.out'.

File: cm-logo2.eps Graphic file (type eps)
 <cm-logo2.eps>
Overfull \hbox (93.08951pt too wide) in paragraph at lines 74--74
[][] 
 []

LaTeX Font Info:    Try loading font information for U+msa on input line 74.
(/usr/share/texmf-dist/tex/latex/amsfonts/umsa.fd
File: umsa.fd 2013/01/14 v3.01 AMS symbols A
)
LaTeX Font Info:    Try loading font information for U+msb on input line 74.

(/usr/share/texmf-dist/tex/latex/amsfonts/umsb.fd
File: umsb.fd 2013/01/14 v3.01 AMS symbols B
)
Package hyperref Info: bookmark level for unknown Aufgabe defaults to 0 on inpu
t line 115.


! LaTeX Error: \begin{itemize} on input line 117 ended by \end{enumerate}.

See the LaTeX manual or LaTeX Companion for explanation.
Type  H <return>  for immediate help.
 ...                                              
                                                  
l.120   \end{enumerate}
                       
? 

Overfull \hbox (15.92046pt too wide) in paragraph at lines 149--150
[]\TU/lmr/m/n/10.95 (Computational task) Plot the error of the approximation $\
OML/cmm/m/it/10.95 e[]\OT1/cmr/m/n/10.95 (\OML/cmm/m/it/10.95 h\OT1/cmr/m/n/10.
95 )$ \TU/lmr/m/n/10.95 for $\OML/cmm/m/it/10.95 h \OT1/cmr/m/n/10.95 = 10[]\OM
L/cmm/m/it/10.95 ; \OT1/cmr/m/n/10.95 10[]\OML/cmm/m/it/10.95 ; [] ; \OT1/cmr/m
/n/10.95 10[]$
 []

\tf@thm=\write4
\openout4 = `HW10.thm'.

Package atveryend Info: Empty hook `BeforeClearDocument' on input line 163.
(/usr/share/texmf-dist/tex/generic/oberdiek/se-ascii-print.def
File: se-ascii-print.def 2016/05/16 v1.11 stringenc: Printable ASCII characters

) [1

]
Package atveryend Info: Empty hook `AfterLastShipout' on input line 163.
 (./HW10.aux
Package cleveref Info: loaded `english' language definitions on input line 19.
)
Package atveryend Info: Empty hook `AtVeryEndDocument' on input line 163.
Package atveryend Info: Empty hook `AtEndAfterFileList' on input line 163.
 ) 
Here is how much of TeX's memory you used:
 12688 strings out of 494560
 189963 string characters out of 6168339
 313881 words of memory out of 5000000
 16405 multiletter control sequences out of 15000+600000
 8712 words of font info for 41 fonts, out of 8000000 for 9000
 286 hyphenation exceptions out of 8191
 28i,11n,28p,802b,403s stack positions out of 5000i,500n,10000p,200000b,80000s

Output written on HW10.pdf (1 page).
